2013/11/24 17:30:23 [error] [exception.CHttpException.404] exception 'CHttpException' with message 'Unable to resolve the request "js/jquery-1.10.2.min.map".' in /Users/devman/Dev/consulting/uwc/yii-1.1.14.f0fee9/framework/web/CWebApplication.php:286
Stack trace:
#0 /Users/devman/Dev/consulting/uwc/yii-1.1.14.f0fee9/framework/web/CWebApplication.php(141): CWebApplication->runController('js/jquery-1.10....')
#1 /Users/devman/Dev/consulting/uwc/yii-1.1.14.f0fee9/framework/base/CApplication.php(180): CWebApplication->processRequest()
#2 /Users/devman/Dev/consulting/uwc/yii-1.1.14.f0fee9/app/index.php(13): CApplication->run()
#3 {main}
REQUEST_URI=/js/jquery-1.10.2.min.map
HTTP_REFERER=http://www.devuwc.com/home
---
2013/11/24 17:30:24 [error] [exception.CHttpException.404] exception 'CHttpException' with message 'Unable to resolve the request "js/jquery-1.10.2.min.map".' in /Users/devman/Dev/consulting/uwc/yii-1.1.14.f0fee9/framework/web/CWebApplication.php:286
Stack trace:
#0 /Users/devman/Dev/consulting/uwc/yii-1.1.14.f0fee9/framework/web/CWebApplication.php(141): CWebApplication->runController('js/jquery-1.10....')
#1 /Users/devman/Dev/consulting/uwc/yii-1.1.14.f0fee9/framework/base/CApplication.php(180): CWebApplication->processRequest()
#2 /Users/devman/Dev/consulting/uwc/yii-1.1.14.f0fee9/app/index.php(13): CApplication->run()
#3 {main}
REQUEST_URI=/js/jquery-1.10.2.min.map
HTTP_REFERER=http://www.devuwc.com/home
---
2013/11/24 17:32:13 [error] [exception.CHttpException.404] exception 'CHttpException' with message 'Unable to resolve the request "js/jquery-1.10.2.min.map".' in /Users/devman/Dev/consulting/uwc/yii-1.1.14.f0fee9/framework/web/CWebApplication.php:286
Stack trace:
#0 /Users/devman/Dev/consulting/uwc/yii-1.1.14.f0fee9/framework/web/CWebApplication.php(141): CWebApplication->runController('js/jquery-1.10....')
#1 /Users/devman/Dev/consulting/uwc/yii-1.1.14.f0fee9/framework/base/CApplication.php(180): CWebApplication->processRequest()
#2 /Users/devman/Dev/consulting/uwc/yii-1.1.14.f0fee9/app/index.php(13): CApplication->run()
#3 {main}
REQUEST_URI=/js/jquery-1.10.2.min.map
HTTP_REFERER=http://www.devuwc.com/home
---
2013/11/24 17:32:27 [error] [exception.CHttpException.404] exception 'CHttpException' with message 'Unable to resolve the request "js/jquery-1.10.2.min.map".' in /Users/devman/Dev/consulting/uwc/yii-1.1.14.f0fee9/framework/web/CWebApplication.php:286
Stack trace:
#0 /Users/devman/Dev/consulting/uwc/yii-1.1.14.f0fee9/framework/web/CWebApplication.php(141): CWebApplication->runController('js/jquery-1.10....')
#1 /Users/devman/Dev/consulting/uwc/yii-1.1.14.f0fee9/framework/base/CApplication.php(180): CWebApplication->processRequest()
#2 /Users/devman/Dev/consulting/uwc/yii-1.1.14.f0fee9/app/index.php(13): CApplication->run()
#3 {main}
REQUEST_URI=/js/jquery-1.10.2.min.map
HTTP_REFERER=http://www.devuwc.com/home
---
2013/11/24 17:32:27 [error] [exception.CHttpException.404] exception 'CHttpException' with message 'Unable to resolve the request "favicon.ico".' in /Users/devman/Dev/consulting/uwc/yii-1.1.14.f0fee9/framework/web/CWebApplication.php:286
Stack trace:
#0 /Users/devman/Dev/consulting/uwc/yii-1.1.14.f0fee9/framework/web/CWebApplication.php(141): CWebApplication->runController('favicon.ico')
#1 /Users/devman/Dev/consulting/uwc/yii-1.1.14.f0fee9/framework/base/CApplication.php(180): CWebApplication->processRequest()
#2 /Users/devman/Dev/consulting/uwc/yii-1.1.14.f0fee9/app/index.php(13): CApplication->run()
#3 {main}
REQUEST_URI=/favicon.ico
---
2013/11/24 17:33:38 [error] [exception.CHttpException.404] exception 'CHttpException' with message 'Unable to resolve the request "js/jquery-1.10.2.min.map".' in /Users/devman/Dev/consulting/uwc/yii-1.1.14.f0fee9/framework/web/CWebApplication.php:286
Stack trace:
#0 /Users/devman/Dev/consulting/uwc/yii-1.1.14.f0fee9/framework/web/CWebApplication.php(141): CWebApplication->runController('js/jquery-1.10....')
#1 /Users/devman/Dev/consulting/uwc/yii-1.1.14.f0fee9/framework/base/CApplication.php(180): CWebApplication->processRequest()
#2 /Users/devman/Dev/consulting/uwc/yii-1.1.14.f0fee9/app/index.php(13): CApplication->run()
#3 {main}
REQUEST_URI=/js/jquery-1.10.2.min.map
HTTP_REFERER=http://www.devuwc.com/home
---
2013/11/24 17:34:33 [error] [exception.CHttpException.404] exception 'CHttpException' with message 'Unable to resolve the request "js/jquery-1.10.2.min.map".' in /Users/devman/Dev/consulting/uwc/yii-1.1.14.f0fee9/framework/web/CWebApplication.php:286
Stack trace:
#0 /Users/devman/Dev/consulting/uwc/yii-1.1.14.f0fee9/framework/web/CWebApplication.php(141): CWebApplication->runController('js/jquery-1.10....')
#1 /Users/devman/Dev/consulting/uwc/yii-1.1.14.f0fee9/framework/base/CApplication.php(180): CWebApplication->processRequest()
#2 /Users/devman/Dev/consulting/uwc/yii-1.1.14.f0fee9/app/index.php(13): CApplication->run()
#3 {main}
REQUEST_URI=/js/jquery-1.10.2.min.map
HTTP_REFERER=http://www.devuwc.com/home
---
2013/11/24 17:35:05 [error] [exception.CHttpException.404] exception 'CHttpException' with message 'Unable to resolve the request "js/jquery-1.10.2.min.map".' in /Users/devman/Dev/consulting/uwc/yii-1.1.14.f0fee9/framework/web/CWebApplication.php:286
Stack trace:
#0 /Users/devman/Dev/consulting/uwc/yii-1.1.14.f0fee9/framework/web/CWebApplication.php(141): CWebApplication->runController('js/jquery-1.10....')
#1 /Users/devman/Dev/consulting/uwc/yii-1.1.14.f0fee9/framework/base/CApplication.php(180): CWebApplication->processRequest()
#2 /Users/devman/Dev/consulting/uwc/yii-1.1.14.f0fee9/app/index.php(13): CApplication->run()
#3 {main}
REQUEST_URI=/js/jquery-1.10.2.min.map
HTTP_REFERER=http://www.devuwc.com/home
---
2013/11/24 17:35:19 [error] [exception.CHttpException.404] exception 'CHttpException' with message 'Unable to resolve the request "js/jquery-1.10.2.min.map".' in /Users/devman/Dev/consulting/uwc/yii-1.1.14.f0fee9/framework/web/CWebApplication.php:286
Stack trace:
#0 /Users/devman/Dev/consulting/uwc/yii-1.1.14.f0fee9/framework/web/CWebApplication.php(141): CWebApplication->runController('js/jquery-1.10....')
#1 /Users/devman/Dev/consulting/uwc/yii-1.1.14.f0fee9/framework/base/CApplication.php(180): CWebApplication->processRequest()
#2 /Users/devman/Dev/consulting/uwc/yii-1.1.14.f0fee9/app/index.php(13): CApplication->run()
#3 {main}
REQUEST_URI=/js/jquery-1.10.2.min.map
HTTP_REFERER=http://www.devuwc.com/home
---
2013/11/24 17:36:50 [error] [exception.CHttpException.404] exception 'CHttpException' with message 'Unable to resolve the request "js/jquery-1.10.2.min.map".' in /Users/devman/Dev/consulting/uwc/yii-1.1.14.f0fee9/framework/web/CWebApplication.php:286
Stack trace:
#0 /Users/devman/Dev/consulting/uwc/yii-1.1.14.f0fee9/framework/web/CWebApplication.php(141): CWebApplication->runController('js/jquery-1.10....')
#1 /Users/devman/Dev/consulting/uwc/yii-1.1.14.f0fee9/framework/base/CApplication.php(180): CWebApplication->processRequest()
#2 /Users/devman/Dev/consulting/uwc/yii-1.1.14.f0fee9/app/index.php(13): CApplication->run()
#3 {main}
REQUEST_URI=/js/jquery-1.10.2.min.map
HTTP_REFERER=http://www.devuwc.com/home
---
2013/11/24 17:36:52 [error] [exception.CHttpException.404] exception 'CHttpException' with message 'Unable to resolve the request "js/jquery-1.10.2.min.map".' in /Users/devman/Dev/consulting/uwc/yii-1.1.14.f0fee9/framework/web/CWebApplication.php:286
Stack trace:
#0 /Users/devman/Dev/consulting/uwc/yii-1.1.14.f0fee9/framework/web/CWebApplication.php(141): CWebApplication->runController('js/jquery-1.10....')
#1 /Users/devman/Dev/consulting/uwc/yii-1.1.14.f0fee9/framework/base/CApplication.php(180): CWebApplication->processRequest()
#2 /Users/devman/Dev/consulting/uwc/yii-1.1.14.f0fee9/app/index.php(13): CApplication->run()
#3 {main}
REQUEST_URI=/js/jquery-1.10.2.min.map
HTTP_REFERER=http://www.devuwc.com/resume
---
2013/11/28 11:55:07 [error] [exception.CHttpException.404] exception 'CHttpException' with message 'Unable to resolve the request "favicon.ico".' in /Users/devman/Dev/consulting/uwc/yii-1.1.14.f0fee9/framework/web/CWebApplication.php:286
Stack trace:
#0 /Users/devman/Dev/consulting/uwc/yii-1.1.14.f0fee9/framework/web/CWebApplication.php(141): CWebApplication->runController('favicon.ico')
#1 /Users/devman/Dev/consulting/uwc/yii-1.1.14.f0fee9/framework/base/CApplication.php(180): CWebApplication->processRequest()
#2 /Users/devman/Dev/consulting/uwc/yii-1.1.14.f0fee9/app/index.php(13): CApplication->run()
#3 {main}
REQUEST_URI=/favicon.ico
---
2013/11/28 11:55:10 [error] [exception.CHttpException.404] exception 'CHttpException' with message 'Unable to resolve the request "js/jquery-1.10.2.min.map".' in /Users/devman/Dev/consulting/uwc/yii-1.1.14.f0fee9/framework/web/CWebApplication.php:286
Stack trace:
#0 /Users/devman/Dev/consulting/uwc/yii-1.1.14.f0fee9/framework/web/CWebApplication.php(141): CWebApplication->runController('js/jquery-1.10....')
#1 /Users/devman/Dev/consulting/uwc/yii-1.1.14.f0fee9/framework/base/CApplication.php(180): CWebApplication->processRequest()
#2 /Users/devman/Dev/consulting/uwc/yii-1.1.14.f0fee9/app/index.php(13): CApplication->run()
#3 {main}
REQUEST_URI=/js/jquery-1.10.2.min.map
HTTP_REFERER=http://www.devuwc.com/
---
2013/11/28 12:00:38 [error] [exception.CHttpException.404] exception 'CHttpException' with message 'Unable to resolve the request "js/jquery-1.10.2.min.map".' in /Users/devman/Dev/consulting/uwc/yii-1.1.14.f0fee9/framework/web/CWebApplication.php:286
Stack trace:
#0 /Users/devman/Dev/consulting/uwc/yii-1.1.14.f0fee9/framework/web/CWebApplication.php(141): CWebApplication->runController('js/jquery-1.10....')
#1 /Users/devman/Dev/consulting/uwc/yii-1.1.14.f0fee9/framework/base/CApplication.php(180): CWebApplication->processRequest()
#2 /Users/devman/Dev/consulting/uwc/yii-1.1.14.f0fee9/app/index.php(13): CApplication->run()
#3 {main}
REQUEST_URI=/js/jquery-1.10.2.min.map
HTTP_REFERER=http://www.devuwc.com/
---
2013/11/28 12:00:39 [error] [exception.CHttpException.404] exception 'CHttpException' with message 'Unable to resolve the request "js/jquery-1.10.2.min.map".' in /Users/devman/Dev/consulting/uwc/yii-1.1.14.f0fee9/framework/web/CWebApplication.php:286
Stack trace:
#0 /Users/devman/Dev/consulting/uwc/yii-1.1.14.f0fee9/framework/web/CWebApplication.php(141): CWebApplication->runController('js/jquery-1.10....')
#1 /Users/devman/Dev/consulting/uwc/yii-1.1.14.f0fee9/framework/base/CApplication.php(180): CWebApplication->processRequest()
#2 /Users/devman/Dev/consulting/uwc/yii-1.1.14.f0fee9/app/index.php(13): CApplication->run()
#3 {main}
REQUEST_URI=/js/jquery-1.10.2.min.map
HTTP_REFERER=http://www.devuwc.com/resume
---
2013/11/28 12:00:45 [error] [exception.CHttpException.404] exception 'CHttpException' with message 'Unable to resolve the request "js/jquery-1.10.2.min.map".' in /Users/devman/Dev/consulting/uwc/yii-1.1.14.f0fee9/framework/web/CWebApplication.php:286
Stack trace:
#0 /Users/devman/Dev/consulting/uwc/yii-1.1.14.f0fee9/framework/web/CWebApplication.php(141): CWebApplication->runController('js/jquery-1.10....')
#1 /Users/devman/Dev/consulting/uwc/yii-1.1.14.f0fee9/framework/base/CApplication.php(180): CWebApplication->processRequest()
#2 /Users/devman/Dev/consulting/uwc/yii-1.1.14.f0fee9/app/index.php(13): CApplication->run()
#3 {main}
REQUEST_URI=/js/jquery-1.10.2.min.map
HTTP_REFERER=http://www.devuwc.com/home
---
2013/11/28 12:06:13 [error] [exception.CHttpException.404] exception 'CHttpException' with message 'Unable to resolve the request "images/psg_mc_1.png".' in /Users/devman/Dev/consulting/uwc/yii-1.1.14.f0fee9/framework/web/CWebApplication.php:286
Stack trace:
#0 /Users/devman/Dev/consulting/uwc/yii-1.1.14.f0fee9/framework/web/CWebApplication.php(141): CWebApplication->runController('images/psg_mc_1...')
#1 /Users/devman/Dev/consulting/uwc/yii-1.1.14.f0fee9/framework/base/CApplication.php(180): CWebApplication->processRequest()
#2 /Users/devman/Dev/consulting/uwc/yii-1.1.14.f0fee9/app/index.php(13): CApplication->run()
#3 {main}
REQUEST_URI=/images/psg_mc_1.png
HTTP_REFERER=http://www.devuwc.com/home
---
2013/11/28 12:06:13 [error] [exception.CHttpException.404] exception 'CHttpException' with message 'Unable to resolve the request "js/jquery-1.10.2.min.map".' in /Users/devman/Dev/consulting/uwc/yii-1.1.14.f0fee9/framework/web/CWebApplication.php:286
Stack trace:
#0 /Users/devman/Dev/consulting/uwc/yii-1.1.14.f0fee9/framework/web/CWebApplication.php(141): CWebApplication->runController('js/jquery-1.10....')
#1 /Users/devman/Dev/consulting/uwc/yii-1.1.14.f0fee9/framework/base/CApplication.php(180): CWebApplication->processRequest()
#2 /Users/devman/Dev/consulting/uwc/yii-1.1.14.f0fee9/app/index.php(13): CApplication->run()
#3 {main}
REQUEST_URI=/js/jquery-1.10.2.min.map
HTTP_REFERER=http://www.devuwc.com/home
---
2013/11/28 12:06:42 [error] [exception.CHttpException.404] exception 'CHttpException' with message 'Unable to resolve the request "images/peter_mc_1.png".' in /Users/devman/Dev/consulting/uwc/yii-1.1.14.f0fee9/framework/web/CWebApplication.php:286
Stack trace:
#0 /Users/devman/Dev/consulting/uwc/yii-1.1.14.f0fee9/framework/web/CWebApplication.php(141): CWebApplication->runController('images/peter_mc...')
#1 /Users/devman/Dev/consulting/uwc/yii-1.1.14.f0fee9/framework/base/CApplication.php(180): CWebApplication->processRequest()
#2 /Users/devman/Dev/consulting/uwc/yii-1.1.14.f0fee9/app/index.php(13): CApplication->run()
#3 {main}
REQUEST_URI=/images/peter_mc_1.png
HTTP_REFERER=http://www.devuwc.com/home
---
2013/11/28 12:06:42 [error] [exception.CHttpException.404] exception 'CHttpException' with message 'Unable to resolve the request "js/jquery-1.10.2.min.map".' in /Users/devman/Dev/consulting/uwc/yii-1.1.14.f0fee9/framework/web/CWebApplication.php:286
Stack trace:
#0 /Users/devman/Dev/consulting/uwc/yii-1.1.14.f0fee9/framework/web/CWebApplication.php(141): CWebApplication->runController('js/jquery-1.10....')
#1 /Users/devman/Dev/consulting/uwc/yii-1.1.14.f0fee9/framework/base/CApplication.php(180): CWebApplication->processRequest()
#2 /Users/devman/Dev/consulting/uwc/yii-1.1.14.f0fee9/app/index.php(13): CApplication->run()
#3 {main}
REQUEST_URI=/js/jquery-1.10.2.min.map
HTTP_REFERER=http://www.devuwc.com/home
---
2013/11/28 12:06:45 [error] [exception.CHttpException.404] exception 'CHttpException' with message 'Unable to resolve the request "images/peter_mc_1.png".' in /Users/devman/Dev/consulting/uwc/yii-1.1.14.f0fee9/framework/web/CWebApplication.php:286
Stack trace:
#0 /Users/devman/Dev/consulting/uwc/yii-1.1.14.f0fee9/framework/web/CWebApplication.php(141): CWebApplication->runController('images/peter_mc...')
#1 /Users/devman/Dev/consulting/uwc/yii-1.1.14.f0fee9/framework/base/CApplication.php(180): CWebApplication->processRequest()
#2 /Users/devman/Dev/consulting/uwc/yii-1.1.14.f0fee9/app/index.php(13): CApplication->run()
#3 {main}
REQUEST_URI=/images/peter_mc_1.png
HTTP_REFERER=http://www.devuwc.com/home
---
2013/11/28 12:06:45 [error] [exception.CHttpException.404] exception 'CHttpException' with message 'Unable to resolve the request "js/jquery-1.10.2.min.map".' in /Users/devman/Dev/consulting/uwc/yii-1.1.14.f0fee9/framework/web/CWebApplication.php:286
Stack trace:
#0 /Users/devman/Dev/consulting/uwc/yii-1.1.14.f0fee9/framework/web/CWebApplication.php(141): CWebApplication->runController('js/jquery-1.10....')
#1 /Users/devman/Dev/consulting/uwc/yii-1.1.14.f0fee9/framework/base/CApplication.php(180): CWebApplication->processRequest()
#2 /Users/devman/Dev/consulting/uwc/yii-1.1.14.f0fee9/app/index.php(13): CApplication->run()
#3 {main}
REQUEST_URI=/js/jquery-1.10.2.min.map
HTTP_REFERER=http://www.devuwc.com/home
---
2013/11/28 12:07:15 [error] [exception.CHttpException.404] exception 'CHttpException' with message 'Unable to resolve the request "js/jquery-1.10.2.min.map".' in /Users/devman/Dev/consulting/uwc/yii-1.1.14.f0fee9/framework/web/CWebApplication.php:286
Stack trace:
#0 /Users/devman/Dev/consulting/uwc/yii-1.1.14.f0fee9/framework/web/CWebApplication.php(141): CWebApplication->runController('js/jquery-1.10....')
#1 /Users/devman/Dev/consulting/uwc/yii-1.1.14.f0fee9/framework/base/CApplication.php(180): CWebApplication->processRequest()
#2 /Users/devman/Dev/consulting/uwc/yii-1.1.14.f0fee9/app/index.php(13): CApplication->run()
#3 {main}
REQUEST_URI=/js/jquery-1.10.2.min.map
HTTP_REFERER=http://www.devuwc.com/home
---
2013/11/28 12:07:41 [error] [exception.CHttpException.404] exception 'CHttpException' with message 'Unable to resolve the request "js/jquery-1.10.2.min.map".' in /Users/devman/Dev/consulting/uwc/yii-1.1.14.f0fee9/framework/web/CWebApplication.php:286
Stack trace:
#0 /Users/devman/Dev/consulting/uwc/yii-1.1.14.f0fee9/framework/web/CWebApplication.php(141): CWebApplication->runController('js/jquery-1.10....')
#1 /Users/devman/Dev/consulting/uwc/yii-1.1.14.f0fee9/framework/base/CApplication.php(180): CWebApplication->processRequest()
#2 /Users/devman/Dev/consulting/uwc/yii-1.1.14.f0fee9/app/index.php(13): CApplication->run()
#3 {main}
REQUEST_URI=/js/jquery-1.10.2.min.map
HTTP_REFERER=http://www.devuwc.com/home
---
2013/11/28 12:07:53 [error] [exception.CHttpException.404] exception 'CHttpException' with message 'Unable to resolve the request "js/jquery-1.10.2.min.map".' in /Users/devman/Dev/consulting/uwc/yii-1.1.14.f0fee9/framework/web/CWebApplication.php:286
Stack trace:
#0 /Users/devman/Dev/consulting/uwc/yii-1.1.14.f0fee9/framework/web/CWebApplication.php(141): CWebApplication->runController('js/jquery-1.10....')
#1 /Users/devman/Dev/consulting/uwc/yii-1.1.14.f0fee9/framework/base/CApplication.php(180): CWebApplication->processRequest()
#2 /Users/devman/Dev/consulting/uwc/yii-1.1.14.f0fee9/app/index.php(13): CApplication->run()
#3 {main}
REQUEST_URI=/js/jquery-1.10.2.min.map
HTTP_REFERER=http://www.devuwc.com/home
---
2013/11/28 12:08:00 [error] [exception.CHttpException.404] exception 'CHttpException' with message 'Unable to resolve the request "js/jquery-1.10.2.min.map".' in /Users/devman/Dev/consulting/uwc/yii-1.1.14.f0fee9/framework/web/CWebApplication.php:286
Stack trace:
#0 /Users/devman/Dev/consulting/uwc/yii-1.1.14.f0fee9/framework/web/CWebApplication.php(141): CWebApplication->runController('js/jquery-1.10....')
#1 /Users/devman/Dev/consulting/uwc/yii-1.1.14.f0fee9/framework/base/CApplication.php(180): CWebApplication->processRequest()
#2 /Users/devman/Dev/consulting/uwc/yii-1.1.14.f0fee9/app/index.php(13): CApplication->run()
#3 {main}
REQUEST_URI=/js/jquery-1.10.2.min.map
HTTP_REFERER=http://www.devuwc.com/home
---
2013/11/28 12:08:11 [error] [exception.CHttpException.404] exception 'CHttpException' with message 'Unable to resolve the request "js/jquery-1.10.2.min.map".' in /Users/devman/Dev/consulting/uwc/yii-1.1.14.f0fee9/framework/web/CWebApplication.php:286
Stack trace:
#0 /Users/devman/Dev/consulting/uwc/yii-1.1.14.f0fee9/framework/web/CWebApplication.php(141): CWebApplication->runController('js/jquery-1.10....')
#1 /Users/devman/Dev/consulting/uwc/yii-1.1.14.f0fee9/framework/base/CApplication.php(180): CWebApplication->processRequest()
#2 /Users/devman/Dev/consulting/uwc/yii-1.1.14.f0fee9/app/index.php(13): CApplication->run()
#3 {main}
REQUEST_URI=/js/jquery-1.10.2.min.map
HTTP_REFERER=http://www.devuwc.com/home
---
2013/11/28 12:09:37 [error] [exception.CHttpException.404] exception 'CHttpException' with message 'Unable to resolve the request "js/jquery-1.10.2.min.map".' in /Users/devman/Dev/consulting/uwc/yii-1.1.14.f0fee9/framework/web/CWebApplication.php:286
Stack trace:
#0 /Users/devman/Dev/consulting/uwc/yii-1.1.14.f0fee9/framework/web/CWebApplication.php(141): CWebApplication->runController('js/jquery-1.10....')
#1 /Users/devman/Dev/consulting/uwc/yii-1.1.14.f0fee9/framework/base/CApplication.php(180): CWebApplication->processRequest()
#2 /Users/devman/Dev/consulting/uwc/yii-1.1.14.f0fee9/app/index.php(13): CApplication->run()
#3 {main}
REQUEST_URI=/js/jquery-1.10.2.min.map
HTTP_REFERER=http://www.devuwc.com/home
---
2013/11/28 12:10:07 [error] [exception.CHttpException.404] exception 'CHttpException' with message 'Unable to resolve the request "js/jquery-1.10.2.min.map".' in /Users/devman/Dev/consulting/uwc/yii-1.1.14.f0fee9/framework/web/CWebApplication.php:286
Stack trace:
#0 /Users/devman/Dev/consulting/uwc/yii-1.1.14.f0fee9/framework/web/CWebApplication.php(141): CWebApplication->runController('js/jquery-1.10....')
#1 /Users/devman/Dev/consulting/uwc/yii-1.1.14.f0fee9/framework/base/CApplication.php(180): CWebApplication->processRequest()
#2 /Users/devman/Dev/consulting/uwc/yii-1.1.14.f0fee9/app/index.php(13): CApplication->run()
#3 {main}
REQUEST_URI=/js/jquery-1.10.2.min.map
HTTP_REFERER=http://www.devuwc.com/home
---
2013/11/28 12:11:07 [error] [exception.CHttpException.404] exception 'CHttpException' with message 'Unable to resolve the request "js/jquery-1.10.2.min.map".' in /Users/devman/Dev/consulting/uwc/yii-1.1.14.f0fee9/framework/web/CWebApplication.php:286
Stack trace:
#0 /Users/devman/Dev/consulting/uwc/yii-1.1.14.f0fee9/framework/web/CWebApplication.php(141): CWebApplication->runController('js/jquery-1.10....')
#1 /Users/devman/Dev/consulting/uwc/yii-1.1.14.f0fee9/framework/base/CApplication.php(180): CWebApplication->processRequest()
#2 /Users/devman/Dev/consulting/uwc/yii-1.1.14.f0fee9/app/index.php(13): CApplication->run()
#3 {main}
REQUEST_URI=/js/jquery-1.10.2.min.map
HTTP_REFERER=http://www.devuwc.com/home
---
2013/11/28 12:12:29 [error] [exception.CHttpException.404] exception 'CHttpException' with message 'Unable to resolve the request "js/jquery-1.10.2.min.map".' in /Users/devman/Dev/consulting/uwc/yii-1.1.14.f0fee9/framework/web/CWebApplication.php:286
Stack trace:
#0 /Users/devman/Dev/consulting/uwc/yii-1.1.14.f0fee9/framework/web/CWebApplication.php(141): CWebApplication->runController('js/jquery-1.10....')
#1 /Users/devman/Dev/consulting/uwc/yii-1.1.14.f0fee9/framework/base/CApplication.php(180): CWebApplication->processRequest()
#2 /Users/devman/Dev/consulting/uwc/yii-1.1.14.f0fee9/app/index.php(13): CApplication->run()
#3 {main}
REQUEST_URI=/js/jquery-1.10.2.min.map
HTTP_REFERER=http://www.devuwc.com/home
---
2013/11/28 12:12:49 [error] [exception.CHttpException.404] exception 'CHttpException' with message 'Unable to resolve the request "js/jquery-1.10.2.min.map".' in /Users/devman/Dev/consulting/uwc/yii-1.1.14.f0fee9/framework/web/CWebApplication.php:286
Stack trace:
#0 /Users/devman/Dev/consulting/uwc/yii-1.1.14.f0fee9/framework/web/CWebApplication.php(141): CWebApplication->runController('js/jquery-1.10....')
#1 /Users/devman/Dev/consulting/uwc/yii-1.1.14.f0fee9/framework/base/CApplication.php(180): CWebApplication->processRequest()
#2 /Users/devman/Dev/consulting/uwc/yii-1.1.14.f0fee9/app/index.php(13): CApplication->run()
#3 {main}
REQUEST_URI=/js/jquery-1.10.2.min.map
HTTP_REFERER=http://www.devuwc.com/home
---
2013/11/28 12:13:47 [error] [exception.CHttpException.404] exception 'CHttpException' with message 'Unable to resolve the request "js/jquery-1.10.2.min.map".' in /Users/devman/Dev/consulting/uwc/yii-1.1.14.f0fee9/framework/web/CWebApplication.php:286
Stack trace:
#0 /Users/devman/Dev/consulting/uwc/yii-1.1.14.f0fee9/framework/web/CWebApplication.php(141): CWebApplication->runController('js/jquery-1.10....')
#1 /Users/devman/Dev/consulting/uwc/yii-1.1.14.f0fee9/framework/base/CApplication.php(180): CWebApplication->processRequest()
#2 /Users/devman/Dev/consulting/uwc/yii-1.1.14.f0fee9/app/index.php(13): CApplication->run()
#3 {main}
REQUEST_URI=/js/jquery-1.10.2.min.map
HTTP_REFERER=http://www.devuwc.com/home
---
2013/11/28 12:14:01 [error] [exception.CHttpException.404] exception 'CHttpException' with message 'Unable to resolve the request "js/jquery-1.10.2.min.map".' in /Users/devman/Dev/consulting/uwc/yii-1.1.14.f0fee9/framework/web/CWebApplication.php:286
Stack trace:
#0 /Users/devman/Dev/consulting/uwc/yii-1.1.14.f0fee9/framework/web/CWebApplication.php(141): CWebApplication->runController('js/jquery-1.10....')
#1 /Users/devman/Dev/consulting/uwc/yii-1.1.14.f0fee9/framework/base/CApplication.php(180): CWebApplication->processRequest()
#2 /Users/devman/Dev/consulting/uwc/yii-1.1.14.f0fee9/app/index.php(13): CApplication->run()
#3 {main}
REQUEST_URI=/js/jquery-1.10.2.min.map
HTTP_REFERER=http://www.devuwc.com/home
---
2013/11/28 12:16:00 [error] [exception.CHttpException.404] exception 'CHttpException' with message 'Unable to resolve the request "js/jquery-1.10.2.min.map".' in /Users/devman/Dev/consulting/uwc/yii-1.1.14.f0fee9/framework/web/CWebApplication.php:286
Stack trace:
#0 /Users/devman/Dev/consulting/uwc/yii-1.1.14.f0fee9/framework/web/CWebApplication.php(141): CWebApplication->runController('js/jquery-1.10....')
#1 /Users/devman/Dev/consulting/uwc/yii-1.1.14.f0fee9/framework/base/CApplication.php(180): CWebApplication->processRequest()
#2 /Users/devman/Dev/consulting/uwc/yii-1.1.14.f0fee9/app/index.php(13): CApplication->run()
#3 {main}
REQUEST_URI=/js/jquery-1.10.2.min.map
HTTP_REFERER=http://www.devuwc.com/home
---
2013/11/28 12:16:16 [error] [exception.CHttpException.404] exception 'CHttpException' with message 'Unable to resolve the request "js/jquery-1.10.2.min.map".' in /Users/devman/Dev/consulting/uwc/yii-1.1.14.f0fee9/framework/web/CWebApplication.php:286
Stack trace:
#0 /Users/devman/Dev/consulting/uwc/yii-1.1.14.f0fee9/framework/web/CWebApplication.php(141): CWebApplication->runController('js/jquery-1.10....')
#1 /Users/devman/Dev/consulting/uwc/yii-1.1.14.f0fee9/framework/base/CApplication.php(180): CWebApplication->processRequest()
#2 /Users/devman/Dev/consulting/uwc/yii-1.1.14.f0fee9/app/index.php(13): CApplication->run()
#3 {main}
REQUEST_URI=/js/jquery-1.10.2.min.map
HTTP_REFERER=http://www.devuwc.com/home
---
2013/11/28 12:17:44 [error] [exception.CHttpException.404] exception 'CHttpException' with message 'Unable to resolve the request "js/jquery-1.10.2.min.map".' in /Users/devman/Dev/consulting/uwc/yii-1.1.14.f0fee9/framework/web/CWebApplication.php:286
Stack trace:
#0 /Users/devman/Dev/consulting/uwc/yii-1.1.14.f0fee9/framework/web/CWebApplication.php(141): CWebApplication->runController('js/jquery-1.10....')
#1 /Users/devman/Dev/consulting/uwc/yii-1.1.14.f0fee9/framework/base/CApplication.php(180): CWebApplication->processRequest()
#2 /Users/devman/Dev/consulting/uwc/yii-1.1.14.f0fee9/app/index.php(13): CApplication->run()
#3 {main}
REQUEST_URI=/js/jquery-1.10.2.min.map
HTTP_REFERER=http://www.devuwc.com/home
---
2013/11/28 12:17:52 [error] [exception.CHttpException.404] exception 'CHttpException' with message 'Unable to resolve the request "js/jquery-1.10.2.min.map".' in /Users/devman/Dev/consulting/uwc/yii-1.1.14.f0fee9/framework/web/CWebApplication.php:286
Stack trace:
#0 /Users/devman/Dev/consulting/uwc/yii-1.1.14.f0fee9/framework/web/CWebApplication.php(141): CWebApplication->runController('js/jquery-1.10....')
#1 /Users/devman/Dev/consulting/uwc/yii-1.1.14.f0fee9/framework/base/CApplication.php(180): CWebApplication->processRequest()
#2 /Users/devman/Dev/consulting/uwc/yii-1.1.14.f0fee9/app/index.php(13): CApplication->run()
#3 {main}
REQUEST_URI=/js/jquery-1.10.2.min.map
HTTP_REFERER=http://www.devuwc.com/home
---
2013/11/28 12:18:05 [error] [exception.CHttpException.404] exception 'CHttpException' with message 'Unable to resolve the request "js/jquery-1.10.2.min.map".' in /Users/devman/Dev/consulting/uwc/yii-1.1.14.f0fee9/framework/web/CWebApplication.php:286
Stack trace:
#0 /Users/devman/Dev/consulting/uwc/yii-1.1.14.f0fee9/framework/web/CWebApplication.php(141): CWebApplication->runController('js/jquery-1.10....')
#1 /Users/devman/Dev/consulting/uwc/yii-1.1.14.f0fee9/framework/base/CApplication.php(180): CWebApplication->processRequest()
#2 /Users/devman/Dev/consulting/uwc/yii-1.1.14.f0fee9/app/index.php(13): CApplication->run()
#3 {main}
REQUEST_URI=/js/jquery-1.10.2.min.map
HTTP_REFERER=http://www.devuwc.com/home
---
2013/11/28 12:18:19 [error] [exception.CHttpException.404] exception 'CHttpException' with message 'Unable to resolve the request "js/jquery-1.10.2.min.map".' in /Users/devman/Dev/consulting/uwc/yii-1.1.14.f0fee9/framework/web/CWebApplication.php:286
Stack trace:
#0 /Users/devman/Dev/consulting/uwc/yii-1.1.14.f0fee9/framework/web/CWebApplication.php(141): CWebApplication->runController('js/jquery-1.10....')
#1 /Users/devman/Dev/consulting/uwc/yii-1.1.14.f0fee9/framework/base/CApplication.php(180): CWebApplication->processRequest()
#2 /Users/devman/Dev/consulting/uwc/yii-1.1.14.f0fee9/app/index.php(13): CApplication->run()
#3 {main}
REQUEST_URI=/js/jquery-1.10.2.min.map
HTTP_REFERER=http://www.devuwc.com/home
---
2013/11/28 12:18:56 [error] [exception.CHttpException.404] exception 'CHttpException' with message 'Unable to resolve the request "js/jquery-1.10.2.min.map".' in /Users/devman/Dev/consulting/uwc/yii-1.1.14.f0fee9/framework/web/CWebApplication.php:286
Stack trace:
#0 /Users/devman/Dev/consulting/uwc/yii-1.1.14.f0fee9/framework/web/CWebApplication.php(141): CWebApplication->runController('js/jquery-1.10....')
#1 /Users/devman/Dev/consulting/uwc/yii-1.1.14.f0fee9/framework/base/CApplication.php(180): CWebApplication->processRequest()
#2 /Users/devman/Dev/consulting/uwc/yii-1.1.14.f0fee9/app/index.php(13): CApplication->run()
#3 {main}
REQUEST_URI=/js/jquery-1.10.2.min.map
HTTP_REFERER=http://www.devuwc.com/home
---
